ERROR: [8] Constant SITE_ROOT already defined
Notice on line 3 in file /var/www/html/shop_arevert/model/Conf.class.singleton.php
 | 27.10.2016 12:04:45 | User:  | products_frontend | response 200
ERROR: [8] Constant MODEL_PATH already defined
Notice on line 4 in file /var/www/html/shop_arevert/model/Conf.class.singleton.php
 | 27.10.2016 12:04:45 | User:  | products_frontend | response 200
ERROR: [8] Constant SITE_ROOT already defined
Notice on line 3 in file /var/www/html/shop_arevert/model/Conf.class.singleton.php
 | 27.10.2016 12:04:45 | User:  | products_frontend | response 200
ERROR: [8] Constant MODEL_PATH already defined
Notice on line 4 in file /var/www/html/shop_arevert/model/Conf.class.singleton.php
 | 27.10.2016 12:04:45 | User:  | products_frontend | response 200
ERROR: [8] Undefined variable: page_number
Notice on line 100 in file /var/www/html/shop_arevert/modules/products_frontend/controller/controller_products.class.php
 | 27.10.2016 12:05:56 | User:  | products_frontend | response 200
ERROR: [8] Constant SITE_ROOT already defined
Notice on line 3 in file /var/www/html/shop_arevert/model/Conf.class.singleton.php
 | 27.10.2016 12:05:56 | User:  | products_frontend | response 200
ERROR: [8] Constant MODEL_PATH already defined
Notice on line 4 in file /var/www/html/shop_arevert/model/Conf.class.singleton.php
 | 27.10.2016 12:05:56 | User:  | products_frontend | response 200
ERROR: [8] Undefined variable: page_number
Notice on line 100 in file /var/www/html/shop_arevert/modules/products_frontend/controller/controller_products.class.php
 | 27.10.2016 12:05:58 | User:  | products_frontend | response 200
ERROR: [8] Constant SITE_ROOT already defined
Notice on line 3 in file /var/www/html/shop_arevert/model/Conf.class.singleton.php
 | 27.10.2016 12:05:58 | User:  | products_frontend | response 200
ERROR: [8] Constant MODEL_PATH already defined
Notice on line 4 in file /var/www/html/shop_arevert/model/Conf.class.singleton.php
 | 27.10.2016 12:05:58 | User:  | products_frontend | response 200
ERROR: [8] Constant SITE_ROOT already defined
Notice on line 3 in file /var/www/html/shop_arevert/model/Conf.class.singleton.php
 | 27.10.2016 12:11:05 | User:  | products_frontend | response 200
ERROR: [8] Constant MODEL_PATH already defined
Notice on line 4 in file /var/www/html/shop_arevert/model/Conf.class.singleton.php
 | 27.10.2016 12:11:05 | User:  | products_frontend | response 200
ERROR: [8] Constant SITE_ROOT already defined
Notice on line 3 in file /var/www/html/shop_arevert/model/Conf.class.singleton.php
 | 27.10.2016 12:11:05 | User:  | products_frontend | response 200
ERROR: [8] Constant MODEL_PATH already defined
Notice on line 4 in file /var/www/html/shop_arevert/model/Conf.class.singleton.php
 | 27.10.2016 12:11:05 | User:  | products_frontend | response 200
ERROR: [8] Constant SITE_ROOT already defined
Notice on line 3 in file /var/www/html/shop_arevert/model/Conf.class.singleton.php
 | 27.10.2016 12:17:26 | User:  | products_frontend | response 200
ERROR: [8] Constant MODEL_PATH already defined
Notice on line 4 in file /var/www/html/shop_arevert/model/Conf.class.singleton.php
 | 27.10.2016 12:17:26 | User:  | products_frontend | response 200
ERROR: [8] Constant SITE_ROOT already defined
Notice on line 3 in file /var/www/html/shop_arevert/model/Conf.class.singleton.php
 | 27.10.2016 12:17:27 | User:  | products_frontend | response 200
ERROR: [8] Constant MODEL_PATH already defined
Notice on line 4 in file /var/www/html/shop_arevert/model/Conf.class.singleton.php
 | 27.10.2016 12:17:27 | User:  | products_frontend | response 200
ERROR: [8] Constant SITE_ROOT already defined
Notice on line 3 in file /var/www/html/shop_arevert/model/Conf.class.singleton.php
 | 27.10.2016 12:25:48 | User:  | products_frontend | response 200
ERROR: [8] Constant MODEL_PATH already defined
Notice on line 4 in file /var/www/html/shop_arevert/model/Conf.class.singleton.php
 | 27.10.2016 12:25:48 | User:  | products_frontend | response 200
ERROR: [8] Constant SITE_ROOT already defined
Notice on line 3 in file /var/www/html/shop_arevert/model/Conf.class.singleton.php
 | 27.10.2016 12:25:48 | User:  | products_frontend | response 200
ERROR: [8] Constant MODEL_PATH already defined
Notice on line 4 in file /var/www/html/shop_arevert/model/Conf.class.singleton.php
 | 27.10.2016 12:25:48 | User:  | products_frontend | response 200
ERROR: [8] Constant SITE_ROOT already defined
Notice on line 3 in file /var/www/html/shop_arevert/model/Conf.class.singleton.php
 | 27.10.2016 12:27:06 | User:  | products_frontend | response 200
ERROR: [8] Constant MODEL_PATH already defined
Notice on line 4 in file /var/www/html/shop_arevert/model/Conf.class.singleton.php
 | 27.10.2016 12:27:06 | User:  | products_frontend | response 200
ERROR: [8] Constant SITE_ROOT already defined
Notice on line 3 in file /var/www/html/shop_arevert/model/Conf.class.singleton.php
 | 27.10.2016 12:27:06 | User:  | products_frontend | response 200
ERROR: [8] Constant MODEL_PATH already defined
Notice on line 4 in file /var/www/html/shop_arevert/model/Conf.class.singleton.php
 | 27.10.2016 12:27:06 | User:  | products_frontend | response 200
ERROR: [8] Constant SITE_ROOT already defined
Notice on line 3 in file /var/www/html/shop_arevert/model/Conf.class.singleton.php
 | 27.10.2016 12:35:00 | User:  | products_frontend | response 200
ERROR: [8] Constant MODEL_PATH already defined
Notice on line 4 in file /var/www/html/shop_arevert/model/Conf.class.singleton.php
 | 27.10.2016 12:35:00 | User:  | products_frontend | response 200
ERROR: [8] Constant SITE_ROOT already defined
Notice on line 3 in file /var/www/html/shop_arevert/model/Conf.class.singleton.php
 | 27.10.2016 12:35:00 | User:  | products_frontend | response 200
ERROR: [8] Constant MODEL_PATH already defined
Notice on line 4 in file /var/www/html/shop_arevert/model/Conf.class.singleton.php
 | 27.10.2016 12:35:00 | User:  | products_frontend | response 200
ERROR: [8] Constant SITE_ROOT already defined
Notice on line 3 in file /var/www/html/shop_arevert/model/Conf.class.singleton.php
 | 27.10.2016 12:43:25 | User:  | products_frontend | response 200
ERROR: [8] Constant MODEL_PATH already defined
Notice on line 4 in file /var/www/html/shop_arevert/model/Conf.class.singleton.php
 | 27.10.2016 12:43:25 | User:  | products_frontend | response 200
ERROR: [8] Constant SITE_ROOT already defined
Notice on line 3 in file /var/www/html/shop_arevert/model/Conf.class.singleton.php
 | 27.10.2016 12:43:25 | User:  | products_frontend | response 200
ERROR: [8] Constant MODEL_PATH already defined
Notice on line 4 in file /var/www/html/shop_arevert/model/Conf.class.singleton.php
 | 27.10.2016 12:43:25 | User:  | products_frontend | response 200
ERROR: [8] Constant SITE_ROOT already defined
Notice on line 3 in file /var/www/html/shop_arevert/model/Conf.class.singleton.php
 | 27.10.2016 12:44:59 | User:  | products_frontend | response 200
ERROR: [8] Constant MODEL_PATH already defined
Notice on line 4 in file /var/www/html/shop_arevert/model/Conf.class.singleton.php
 | 27.10.2016 12:44:59 | User:  | products_frontend | response 200
ERROR: [8] Constant SITE_ROOT already defined
Notice on line 3 in file /var/www/html/shop_arevert/model/Conf.class.singleton.php
 | 27.10.2016 12:44:59 | User:  | products_frontend | response 200
ERROR: [8] Constant MODEL_PATH already defined
Notice on line 4 in file /var/www/html/shop_arevert/model/Conf.class.singleton.php
 | 27.10.2016 12:44:59 | User:  | products_frontend | response 200
ERROR: [8] Constant SITE_ROOT already defined
Notice on line 3 in file /var/www/html/shop_arevert/model/Conf.class.singleton.php
 | 27.10.2016 12:45:31 | User:  | products_frontend | response 200
ERROR: [8] Constant MODEL_PATH already defined
Notice on line 4 in file /var/www/html/shop_arevert/model/Conf.class.singleton.php
 | 27.10.2016 12:45:31 | User:  | products_frontend | response 200
ERROR: [8] Constant SITE_ROOT already defined
Notice on line 3 in file /var/www/html/shop_arevert/model/Conf.class.singleton.php
 | 27.10.2016 12:45:31 | User:  | products_frontend | response 200
ERROR: [8] Constant MODEL_PATH already defined
Notice on line 4 in file /var/www/html/shop_arevert/model/Conf.class.singleton.php
 | 27.10.2016 12:45:31 | User:  | products_frontend | response 200
ERROR: [8] Constant SITE_ROOT already defined
Notice on line 3 in file /var/www/html/shop_arevert/model/Conf.class.singleton.php
 | 27.10.2016 12:47:14 | User:  | products_frontend | response 200
ERROR: [8] Constant MODEL_PATH already defined
Notice on line 4 in file /var/www/html/shop_arevert/model/Conf.class.singleton.php
 | 27.10.2016 12:47:14 | User:  | products_frontend | response 200
ERROR: [8] Constant SITE_ROOT already defined
Notice on line 3 in file /var/www/html/shop_arevert/model/Conf.class.singleton.php
 | 27.10.2016 12:47:15 | User:  | products_frontend | response 200
ERROR: [8] Constant MODEL_PATH already defined
Notice on line 4 in file /var/www/html/shop_arevert/model/Conf.class.singleton.php
 | 27.10.2016 12:47:15 | User:  | products_frontend | response 200
ERROR: [8] Constant SITE_ROOT already defined
Notice on line 3 in file /var/www/html/shop_arevert/model/Conf.class.singleton.php
 | 27.10.2016 12:49:15 | User:  | products_frontend | response 200
ERROR: [8] Constant MODEL_PATH already defined
Notice on line 4 in file /var/www/html/shop_arevert/model/Conf.class.singleton.php
 | 27.10.2016 12:49:15 | User:  | products_frontend | response 200
ERROR: [8] Constant SITE_ROOT already defined
Notice on line 3 in file /var/www/html/shop_arevert/model/Conf.class.singleton.php
 | 27.10.2016 12:49:16 | User:  | products_frontend | response 200
ERROR: [8] Constant MODEL_PATH already defined
Notice on line 4 in file /var/www/html/shop_arevert/model/Conf.class.singleton.php
 | 27.10.2016 12:49:16 | User:  | products_frontend | response 200
ERROR: [8] Constant SITE_ROOT already defined
Notice on line 3 in file /var/www/html/shop_arevert/model/Conf.class.singleton.php
 | 27.10.2016 12:56:22 | User:  | products_frontend | response 200
ERROR: [8] Constant MODEL_PATH already defined
Notice on line 4 in file /var/www/html/shop_arevert/model/Conf.class.singleton.php
 | 27.10.2016 12:56:22 | User:  | products_frontend | response 200
ERROR: [8] Constant SITE_ROOT already defined
Notice on line 3 in file /var/www/html/shop_arevert/model/Conf.class.singleton.php
 | 27.10.2016 12:56:22 | User:  | products_frontend | response 200
ERROR: [8] Constant MODEL_PATH already defined
Notice on line 4 in file /var/www/html/shop_arevert/model/Conf.class.singleton.php
 | 27.10.2016 12:56:22 | User:  | products_frontend | response 200
ERROR: [8] Constant SITE_ROOT already defined
Notice on line 3 in file /var/www/html/shop_arevert/model/Conf.class.singleton.php
 | 27.10.2016 12:57:15 | User:  | products_frontend | response 200
ERROR: [8] Constant MODEL_PATH already defined
Notice on line 4 in file /var/www/html/shop_arevert/model/Conf.class.singleton.php
 | 27.10.2016 12:57:15 | User:  | products_frontend | response 200
ERROR: [8] Constant SITE_ROOT already defined
Notice on line 3 in file /var/www/html/shop_arevert/model/Conf.class.singleton.php
 | 27.10.2016 12:57:15 | User:  | products_frontend | response 200
ERROR: [8] Constant MODEL_PATH already defined
Notice on line 4 in file /var/www/html/shop_arevert/model/Conf.class.singleton.php
 | 27.10.2016 12:57:15 | User:  | products_frontend | response 200
ERROR: [8] Constant SITE_ROOT already defined
Notice on line 3 in file /var/www/html/shop_arevert/model/Conf.class.singleton.php
 | 27.10.2016 12:59:50 | User:  | products_frontend | response 200
ERROR: [8] Constant MODEL_PATH already defined
Notice on line 4 in file /var/www/html/shop_arevert/model/Conf.class.singleton.php
 | 27.10.2016 12:59:50 | User:  | products_frontend | response 200
ERROR: [8] Constant SITE_ROOT already defined
Notice on line 3 in file /var/www/html/shop_arevert/model/Conf.class.singleton.php
 | 27.10.2016 12:59:51 | User:  | products_frontend | response 200
ERROR: [8] Constant MODEL_PATH already defined
Notice on line 4 in file /var/www/html/shop_arevert/model/Conf.class.singleton.php
 | 27.10.2016 12:59:51 | User:  | products_frontend | response 200
